0 info it worked if it ends with ok
1 verbose cli [ '/usr/local/bin/node', '/usr/local/bin/npm', 'run', 'tsc' ]
2 info using npm@3.3.12
3 info using node@v5.5.0
4 verbose run-script [ 'pretsc', 'tsc', 'posttsc' ]
5 info lifecycle angular2tourofheroes@1.0.0~pretsc: angular2tourofheroes@1.0.0
6 silly lifecycle angular2tourofheroes@1.0.0~pretsc: no script for pretsc, continuing
7 info lifecycle angular2tourofheroes@1.0.0~tsc: angular2tourofheroes@1.0.0
8 verbose lifecycle angular2tourofheroes@1.0.0~tsc: unsafe-perm in lifecycle true
9 verbose lifecycle angular2tourofheroes@1.0.0~tsc: PATH: /usr/local/lib/node_modules/npm/bin/node-gyp-bin:/Users/scastaldi/Angular2TourOfHeroes/node_modules/.bin:/usr/local/bin:/usr/bin:/bin:/usr/sbin:/sbin:/usr/local/share/dotnet/bin
10 verbose lifecycle angular2tourofheroes@1.0.0~tsc: CWD: /Users/scastaldi/Angular2TourOfHeroes
11 silly lifecycle angular2tourofheroes@1.0.0~tsc: Args: [ '-c', 'tsc' ]
12 silly lifecycle angular2tourofheroes@1.0.0~tsc: Returned: code: 2  signal: null
13 info lifecycle angular2tourofheroes@1.0.0~tsc: Failed to exec tsc script
14 verbose stack Error: angular2tourofheroes@1.0.0 tsc: `tsc`
14 verbose stack Exit status 2
14 verbose stack     at EventEmitter.<anonymous> (/usr/local/lib/node_modules/npm/lib/utils/lifecycle.js:232:16)
14 verbose stack     at emitTwo (events.js:100:13)
14 verbose stack     at EventEmitter.emit (events.js:185:7)
14 verbose stack     at ChildProcess.<anonymous> (/usr/local/lib/node_modules/npm/lib/utils/spawn.js:24:14)
14 verbose stack     at emitTwo (events.js:100:13)
14 verbose stack     at ChildProcess.emit (events.js:185:7)
14 verbose stack     at maybeClose (internal/child_process.js:821:16)
14 verbose stack     at Process.ChildProcess._handle.onexit (internal/child_process.js:211:5)
15 verbose pkgid angular2tourofheroes@1.0.0
16 verbose cwd /Users/scastaldi/Angular2TourOfHeroes
17 error Darwin 15.3.0
18 error argv "/usr/local/bin/node" "/usr/local/bin/npm" "run" "tsc"
19 error node v5.5.0
20 error npm  v3.3.12
21 error code ELIFECYCLE
22 error angular2tourofheroes@1.0.0 tsc: `tsc`
22 error Exit status 2
23 error Failed at the angular2tourofheroes@1.0.0 tsc script 'tsc'.
23 error Make sure you have the latest version of node.js and npm installed.
23 error If you do, this is most likely a problem with the angular2tourofheroes package,
23 error not with npm itself.
23 error Tell the author that this fails on your system:
23 error     tsc
23 error You can get their info via:
23 error     npm owner ls angular2tourofheroes
23 error There is likely additional logging output above.
24 verbose exit [ 1, true ]
